cd /home/ugrads/s/seth.barberee/ECEN468/Lab2/
gdb.shell.exe
spawn /opt/coe/mentorgraphics/vista312/linux64/tools.64bit/bin/gdb -quiet -interp=opengdb -runtcl="/opt/coe/mentorgraphics/vista312/generic/tcl/v2/gdb/gdb.tcl" --nx

(vista) BFD: /usr/lib64/libm.so.6: invalid relocation type 37
BFD: BFD 2.17.50 20061115 assertion fail elf64-x86-64.c:259
BFD: /usr/lib64/libm.so.6: invalid relocation type 37
BFD: BFD 2.17.50 20061115 assertion fail elf64-x86-64.c:259
BFD: /usr/lib64/libm.so.6: invalid relocation type 37
BFD: BFD 2.17.50 20061115 assertion fail elf64-x86-64.c:259
BFD: /usr/lib64/libm.so.6: invalid relocation type 37
BFD: BFD 2.17.50 20061115 assertion fail elf64-x86-64.c:259
BFD: /usr/lib64/libm.so.6: invalid relocation type 37
BFD: BFD 2.17.50 20061115 assertion fail elf64-x86-64.c:259
BFD: /usr/lib64/libm.so.6: invalid relocation type 37
BFD: BFD 2.17.50 20061115 assertion fail elf64-x86-64.c:259
BFD: /usr/lib64/libm.so.6: invalid relocation type 37
BFD: BFD 2.17.50 20061115 assertion fail elf64-x86-64.c:259
BFD: /usr/lib64/libm.so.6: invalid relocation type 37
BFD: BFD 2.17.50 20061115 assertion fail elf64-x86-64.c:259
BFD: /usr/lib64/libm.so.6: invalid relocation type 37
BFD: BFD 2.17.50 20061115 assertion fail elf64-x86-64.c:259
BFD: /usr/lib64/libm.so.6: invalid relocation type 37
BFD: BFD 2.17.50 20061115 assertion fail elf64-x86-64.c:259
BFD: /usr/lib64/libm.so.6: invalid relocation type 37
BFD: BFD 2.17.50 20061115 assertion fail elf64-x86-64.c:259
BFD: /usr/lib64/libm.so.6: invalid relocation type 37
BFD: BFD 2.17.50 20061115 assertion fail elf64-x86-64.c:259
BFD: /usr/lib64/libc.so.6: invalid relocation type 37
BFD: BFD 2.17.50 20061115 assertion fail elf64-x86-64.c:259
BFD: /usr/lib64/libc.so.6: invalid relocation type 37
BFD: BFD 2.17.50 20061115 assertion fail elf64-x86-64.c:259
BFD: /usr/lib64/libc.so.6: invalid relocation type 37
BFD: BFD 2.17.50 20061115 assertion fail elf64-x86-64.c:259
BFD: /usr/lib64/libc.so.6: invalid relocation type 37
BFD: BFD 2.17.50 20061115 assertion fail elf64-x86-64.c:259
BFD: /usr/lib64/libc.so.6: invalid relocation type 37
BFD: BFD 2.17.50 20061115 assertion fail elf64-x86-64.c:259
BFD: /usr/lib64/libc.so.6: invalid relocation type 37
BFD: BFD 2.17.50 20061115 assertion fail elf64-x86-64.c:259
BFD: /usr/lib64/libc.so.6: invalid relocation type 37
BFD: BFD 2.17.50 20061115 assertion fail elf64-x86-64.c:259
Vista SystemC 2.2 Runtime Kernel.
Built September 15, 2011. License version 2011.9.
Copyright (c) 2005-2011, Mentor Graphics Corporation.

             SystemC 2.2.0 --- Sep 15 2011 00:24:25
        Copyright (c) 1996-2006 by all Contributors
                    ALL RIGHTS RESERVED

Warning: (W506) illegal characters: SIMULATION UART substituted by SIMULATION_UART
In file: /vista/Vista32x/64bit/v2/Vista312release/src/tlm2.0.1/../CPP/systemc22/sysc/impl/kernel/sc_object.cpp:267

Warning: (W506) illegal characters: TEST UART substituted by TEST_UART
In file: /vista/Vista32x/64bit/v2/Vista312release/src/tlm2.0.1/../CPP/systemc22/sysc/impl/kernel/sc_object.cpp:267
Merging /home/ugrads/s/seth.barberee/ECEN468/Lab2/UART/build/D_PRJDIR_/main.exe ...Done.
Saving types data file /home/ugrads/s/seth.barberee/ECEN468/Lab2/UART/sim/main.db...Done.
WARNING: Default time step is used for VCD tracing.

@3500 ps:: >> START SENDING: 0x41
Sending 0
Sending 1
Sending 0
Sending 0
Sending 0
Sending 0
Sending 0
Sending 1
Sending 1

@37500 ps:: >> START SENDING: 0x42
Sending 0
Sending 0
Sending 1
Sending 0
Sending 0
Sending 0
Sending 0
Sending 1
Sending 1

@71500 ps:: >> START SENDING: 0x43
Sending 0
Sending 1
Sending 1
Sending 0
Sending 0
Sending 0
Sending 0
Sending 1
Sending 1
SystemC: simulation stopped by user.
Program is about to exit.
#0  0x00000000004e9670 in summit_sc::Runtime::atExitCallback ()
(vista) spawn /opt/coe/mentorgraphics/vista312/linux64/tools.64bit/bin/gdb -quiet -interp=opengdb -runtcl="/opt/coe/mentorgraphics/vista312/generic/tcl/v2/gdb/gdb.tcl" --nx

(vista) BFD: /usr/lib64/libm.so.6: invalid relocation type 37
BFD: BFD 2.17.50 20061115 assertion fail elf64-x86-64.c:259
BFD: /usr/lib64/libm.so.6: invalid relocation type 37
BFD: BFD 2.17.50 20061115 assertion fail elf64-x86-64.c:259
BFD: /usr/lib64/libm.so.6: invalid relocation type 37
BFD: BFD 2.17.50 20061115 assertion fail elf64-x86-64.c:259
BFD: /usr/lib64/libm.so.6: invalid relocation type 37
BFD: BFD 2.17.50 20061115 assertion fail elf64-x86-64.c:259
BFD: /usr/lib64/libm.so.6: invalid relocation type 37
BFD: BFD 2.17.50 20061115 assertion fail elf64-x86-64.c:259
BFD: /usr/lib64/libm.so.6: invalid relocation type 37
BFD: BFD 2.17.50 20061115 assertion fail elf64-x86-64.c:259
BFD: /usr/lib64/libm.so.6: invalid relocation type 37
BFD: BFD 2.17.50 20061115 assertion fail elf64-x86-64.c:259
BFD: /usr/lib64/libm.so.6: invalid relocation type 37
BFD: BFD 2.17.50 20061115 assertion fail elf64-x86-64.c:259
BFD: /usr/lib64/libm.so.6: invalid relocation type 37
BFD: BFD 2.17.50 20061115 assertion fail elf64-x86-64.c:259
BFD: /usr/lib64/libm.so.6: invalid relocation type 37
BFD: BFD 2.17.50 20061115 assertion fail elf64-x86-64.c:259
BFD: /usr/lib64/libm.so.6: invalid relocation type 37
BFD: BFD 2.17.50 20061115 assertion fail elf64-x86-64.c:259
BFD: /usr/lib64/libm.so.6: invalid relocation type 37
BFD: BFD 2.17.50 20061115 assertion fail elf64-x86-64.c:259
BFD: /usr/lib64/libc.so.6: invalid relocation type 37
BFD: BFD 2.17.50 20061115 assertion fail elf64-x86-64.c:259
BFD: /usr/lib64/libc.so.6: invalid relocation type 37
BFD: BFD 2.17.50 20061115 assertion fail elf64-x86-64.c:259
BFD: /usr/lib64/libc.so.6: invalid relocation type 37
BFD: BFD 2.17.50 20061115 assertion fail elf64-x86-64.c:259
BFD: /usr/lib64/libc.so.6: invalid relocation type 37
BFD: BFD 2.17.50 20061115 assertion fail elf64-x86-64.c:259
BFD: /usr/lib64/libc.so.6: invalid relocation type 37
BFD: BFD 2.17.50 20061115 assertion fail elf64-x86-64.c:259
BFD: /usr/lib64/libc.so.6: invalid relocation type 37
BFD: BFD 2.17.50 20061115 assertion fail elf64-x86-64.c:259
BFD: /usr/lib64/libc.so.6: invalid relocation type 37
BFD: BFD 2.17.50 20061115 assertion fail elf64-x86-64.c:259
Vista SystemC 2.2 Runtime Kernel.
Built September 15, 2011. License version 2011.9.
Copyright (c) 2005-2011, Mentor Graphics Corporation.

             SystemC 2.2.0 --- Sep 15 2011 00:24:25
        Copyright (c) 1996-2006 by all Contributors
                    ALL RIGHTS RESERVED

Warning: (W506) illegal characters: SIMULATION UART substituted by SIMULATION_UART
In file: /vista/Vista32x/64bit/v2/Vista312release/src/tlm2.0.1/../CPP/systemc22/sysc/impl/kernel/sc_object.cpp:267

Warning: (W506) illegal characters: TEST UART substituted by TEST_UART
In file: /vista/Vista32x/64bit/v2/Vista312release/src/tlm2.0.1/../CPP/systemc22/sysc/impl/kernel/sc_object.cpp:267
Merging /home/ugrads/s/seth.barberee/ECEN468/Lab2/UART/build/D_PRJDIR_/main.exe ...Done.
Saving types data file /home/ugrads/s/seth.barberee/ECEN468/Lab2/UART/sim/main.db...Done.
WARNING: Default time step is used for VCD tracing.

@3500 ps:: >> START SENDING: 0x41
Sending 1
Sending 0
Sending 0
Sending 0
Sending 0
Sending 0
Sending 1
Sending 1
Sending 1

@37500 ps:: >> START SENDING: 0x42
Sending 0
Sending 1
Sending 0
Sending 0
Sending 0
Sending 0
Sending 1
Sending 1
Sending 1

@71500 ps:: >> START SENDING: 0x43
Sending 1
Sending 1
Sending 0
Sending 0
Sending 0
Sending 0
Sending 1
Sending 1
Sending 1
SystemC: simulation stopped by user.
Program is about to exit.
#0  0x00000000004e9640 in summit_sc::Runtime::atExitCallback ()
(vista) spawn /opt/coe/mentorgraphics/vista312/linux64/tools.64bit/bin/gdb -quiet -interp=opengdb -runtcl="/opt/coe/mentorgraphics/vista312/generic/tcl/v2/gdb/gdb.tcl" --nx

(vista) BFD: /usr/lib64/libm.so.6: invalid relocation type 37
BFD: BFD 2.17.50 20061115 assertion fail elf64-x86-64.c:259
BFD: /usr/lib64/libm.so.6: invalid relocation type 37
BFD: BFD 2.17.50 20061115 assertion fail elf64-x86-64.c:259
BFD: /usr/lib64/libm.so.6: invalid relocation type 37
BFD: BFD 2.17.50 20061115 assertion fail elf64-x86-64.c:259
BFD: /usr/lib64/libm.so.6: invalid relocation type 37
BFD: BFD 2.17.50 20061115 assertion fail elf64-x86-64.c:259
BFD: /usr/lib64/libm.so.6: invalid relocation type 37
BFD: BFD 2.17.50 20061115 assertion fail elf64-x86-64.c:259
BFD: /usr/lib64/libm.so.6: invalid relocation type 37
BFD: BFD 2.17.50 20061115 assertion fail elf64-x86-64.c:259
BFD: /usr/lib64/libm.so.6: invalid relocation type 37
BFD: BFD 2.17.50 20061115 assertion fail elf64-x86-64.c:259
BFD: /usr/lib64/libm.so.6: invalid relocation type 37
BFD: BFD 2.17.50 20061115 assertion fail elf64-x86-64.c:259
BFD: /usr/lib64/libm.so.6: invalid relocation type 37
BFD: BFD 2.17.50 20061115 assertion fail elf64-x86-64.c:259
BFD: /usr/lib64/libm.so.6: invalid relocation type 37
BFD: BFD 2.17.50 20061115 assertion fail elf64-x86-64.c:259
BFD: /usr/lib64/libm.so.6: invalid relocation type 37
BFD: BFD 2.17.50 20061115 assertion fail elf64-x86-64.c:259
BFD: /usr/lib64/libm.so.6: invalid relocation type 37
BFD: BFD 2.17.50 20061115 assertion fail elf64-x86-64.c:259
BFD: /usr/lib64/libc.so.6: invalid relocation type 37
BFD: BFD 2.17.50 20061115 assertion fail elf64-x86-64.c:259
BFD: /usr/lib64/libc.so.6: invalid relocation type 37
BFD: BFD 2.17.50 20061115 assertion fail elf64-x86-64.c:259
BFD: /usr/lib64/libc.so.6: invalid relocation type 37
BFD: BFD 2.17.50 20061115 assertion fail elf64-x86-64.c:259
BFD: /usr/lib64/libc.so.6: invalid relocation type 37
BFD: BFD 2.17.50 20061115 assertion fail elf64-x86-64.c:259
BFD: /usr/lib64/libc.so.6: invalid relocation type 37
BFD: BFD 2.17.50 20061115 assertion fail elf64-x86-64.c:259
BFD: /usr/lib64/libc.so.6: invalid relocation type 37
BFD: BFD 2.17.50 20061115 assertion fail elf64-x86-64.c:259
BFD: /usr/lib64/libc.so.6: invalid relocation type 37
BFD: BFD 2.17.50 20061115 assertion fail elf64-x86-64.c:259
Vista SystemC 2.2 Runtime Kernel.
Built September 15, 2011. License version 2011.9.
Copyright (c) 2005-2011, Mentor Graphics Corporation.

             SystemC 2.2.0 --- Sep 15 2011 00:24:25
        Copyright (c) 1996-2006 by all Contributors
                    ALL RIGHTS RESERVED

Warning: (W506) illegal characters: SIMULATION UART substituted by SIMULATION_UART
In file: /vista/Vista32x/64bit/v2/Vista312release/src/tlm2.0.1/../CPP/systemc22/sysc/impl/kernel/sc_object.cpp:267

Warning: (W506) illegal characters: TEST UART substituted by TEST_UART
In file: /vista/Vista32x/64bit/v2/Vista312release/src/tlm2.0.1/../CPP/systemc22/sysc/impl/kernel/sc_object.cpp:267
Merging /home/ugrads/s/seth.barberee/ECEN468/Lab2/UART/build/D_PRJDIR_/main.exe ...Done.
Saving types data file /home/ugrads/s/seth.barberee/ECEN468/Lab2/UART/sim/main.db...Done.
WARNING: Default time step is used for VCD tracing.

@3500 ps:: >> START SENDING: 0x41
Sending 0
Sending 1
Sending 0
Sending 0
Sending 0
Sending 0
Sending 0
Sending 1
Sending 1

@37500 ps:: >> START SENDING: 0x42
Sending 0
Sending 0
Sending 1
Sending 0
Sending 0
Sending 0
Sending 0
Sending 1
Sending 1

@71500 ps:: >> START SENDING: 0x43
Sending 0
Sending 1
Sending 1
Sending 0
Sending 0
Sending 0
Sending 0
Sending 1
Sending 1
SystemC: simulation stopped by user.
Program is about to exit.
#0  0x00000000004e9690 in summit_sc::Runtime::atExitCallback ()
(vista) 
