cd /home/ugrads/s/seth.barberee/ECEN468/Lab3/
gdb.shell.exe
spawn /opt/coe/mentorgraphics/vista312/linux64/tools.64bit/bin/gdb -quiet -interp=opengdb -runtcl="/opt/coe/mentorgraphics/vista312/generic/tcl/v2/gdb/gdb.tcl" --nx

(vista) BFD: /usr/lib64/libm.so.6: invalid relocation type 37
BFD: BFD 2.17.50 20061115 assertion fail elf64-x86-64.c:259
BFD: /usr/lib64/libm.so.6: invalid relocation type 37
BFD: BFD 2.17.50 20061115 assertion fail elf64-x86-64.c:259
BFD: /usr/lib64/libm.so.6: invalid relocation type 37
BFD: BFD 2.17.50 20061115 assertion fail elf64-x86-64.c:259
BFD: /usr/lib64/libm.so.6: invalid relocation type 37
BFD: BFD 2.17.50 20061115 assertion fail elf64-x86-64.c:259
BFD: /usr/lib64/libm.so.6: invalid relocation type 37
BFD: BFD 2.17.50 20061115 assertion fail elf64-x86-64.c:259
BFD: /usr/lib64/libm.so.6: invalid relocation type 37
BFD: BFD 2.17.50 20061115 assertion fail elf64-x86-64.c:259
BFD: /usr/lib64/libm.so.6: invalid relocation type 37
BFD: BFD 2.17.50 20061115 assertion fail elf64-x86-64.c:259
BFD: /usr/lib64/libm.so.6: invalid relocation type 37
BFD: BFD 2.17.50 20061115 assertion fail elf64-x86-64.c:259
BFD: /usr/lib64/libm.so.6: invalid relocation type 37
BFD: BFD 2.17.50 20061115 assertion fail elf64-x86-64.c:259
BFD: /usr/lib64/libm.so.6: invalid relocation type 37
BFD: BFD 2.17.50 20061115 assertion fail elf64-x86-64.c:259
BFD: /usr/lib64/libm.so.6: invalid relocation type 37
BFD: BFD 2.17.50 20061115 assertion fail elf64-x86-64.c:259
BFD: /usr/lib64/libm.so.6: invalid relocation type 37
BFD: BFD 2.17.50 20061115 assertion fail elf64-x86-64.c:259
BFD: /usr/lib64/libc.so.6: invalid relocation type 37
BFD: BFD 2.17.50 20061115 assertion fail elf64-x86-64.c:259
BFD: /usr/lib64/libc.so.6: invalid relocation type 37
BFD: BFD 2.17.50 20061115 assertion fail elf64-x86-64.c:259
BFD: /usr/lib64/libc.so.6: invalid relocation type 37
BFD: BFD 2.17.50 20061115 assertion fail elf64-x86-64.c:259
BFD: /usr/lib64/libc.so.6: invalid relocation type 37
BFD: BFD 2.17.50 20061115 assertion fail elf64-x86-64.c:259
BFD: /usr/lib64/libc.so.6: invalid relocation type 37
BFD: BFD 2.17.50 20061115 assertion fail elf64-x86-64.c:259
BFD: /usr/lib64/libc.so.6: invalid relocation type 37
BFD: BFD 2.17.50 20061115 assertion fail elf64-x86-64.c:259
BFD: /usr/lib64/libc.so.6: invalid relocation type 37
BFD: BFD 2.17.50 20061115 assertion fail elf64-x86-64.c:259
Vista SystemC 2.2 Runtime Kernel.
Built September 15, 2011. License version 2011.9.
Copyright (c) 2005-2011, Mentor Graphics Corporation.

             SystemC 2.2.0 --- Sep 15 2011 00:24:25
        Copyright (c) 1996-2006 by all Contributors
                    ALL RIGHTS RESERVED

Warning: (W506) illegal characters: TEST UART substituted by TEST_UART
In file: /vista/Vista32x/64bit/v2/Vista312release/src/tlm2.0.1/../CPP/systemc22/sysc/impl/kernel/sc_object.cpp:267

Warning: (W506) illegal characters: SRAM WRAP substituted by SRAM_WRAP
In file: /vista/Vista32x/64bit/v2/Vista312release/src/tlm2.0.1/../CPP/systemc22/sysc/impl/kernel/sc_object.cpp:267
Writing XXXXXXXX to location 262143
WARNING: Default time step is used for VCD tracing.

@1500 ps:: >>>>>>>>>>>> Start Simulation

@33500 ps:: >>  Write data to SRAM: 0x30
CE_b: 0
WE_b: 0
Addr: 00234
Data: 30
Writing 030 to location 234
CE_b: 0
WE_b: 0
Addr: 00234
Data: 30
CE_b: 0
WE_b: 0
Addr: 00234
Data: 30
CE_b: 0
WE_b: 0
Addr: 00234
Data: 30
CE_b: 0
WE_b: 0
Addr: 00234
Data: 30
CE_b: 0
WE_b: 0
Addr: 00234
Data: 30
CE_b: 0
WE_b: 0
Addr: 00234
Data: 30
CE_b: 0
WE_b: 0
Addr: 00234
Data: 30

@55500 ps:: >>  Set SRAM to read mode
CE_b: 0
WE_b: 1
Addr: 00234
Data: 0
Reading 030 from 234
CE_b: 0
WE_b: 1
Addr: 00234
Data: 30
CE_b: 0
WE_b: 1
Addr: 00234
Data: 30
CE_b: 0
WE_b: 1
Addr: 00234
Data: 30
CE_b: 0
WE_b: 1
Addr: 00234
Data: 30
CE_b: 0
WE_b: 1
Addr: 00234
Data: 30
CE_b: 0
WE_b: 1
Addr: 00234
Data: 30
CE_b: 0
WE_b: 1
Addr: 00234
Data: 30
CE_b: 0
WE_b: 1
Addr: 00234
Data: 30
CE_b: 0
WE_b: 1
Addr: 00234
Data: 30
CE_b: 0
WE_b: 1
Addr: 00234
Data: 30
CE_b: 0
WE_b: 1
Addr: 00234
Data: 30
CE_b: 0
WE_b: 1
Addr: 00234
Data: 30
CE_b: 0
WE_b: 1
Addr: 00234
Data: 30

@71500 ps:: >>  Read data from data bus: 0x030
CE_b: 0
WE_b: 1
Addr: 00234
Data: 30
CE_b: 0
WE_b: 1
Addr: 00234
Data: 30
CE_b: 0
WE_b: 1
Addr: 00234
Data: 30
CE_b: 0
WE_b: 1
Addr: 00234
Data: 30
CE_b: 0
WE_b: 1
Addr: 00234
Data: 30
CE_b: 0
WE_b: 1
Addr: 00234
Data: 30
CE_b: 0
WE_b: 1
Addr: 00234
Data: 30
CE_b: 0
WE_b: 1
Addr: 00234
Data: 30
CE_b: 0
WE_b: 1
Addr: 00234
Data: 30
CE_b: 0
WE_b: 1
Addr: 00234
Data: 30
Load_XMT_datareg: 1
Byte_ready: 0
T_Byte: 0

Load_XMT_datareg: 1
Byte_ready: 0
T_Byte: 0

Load_XMT_datareg: 0
Byte_ready: 1
T_Byte: 0

Load_XMT_datareg: 0
Byte_ready: 1
T_Byte: 0

Load_XMT_datareg: 0
Byte_ready: 1
T_Byte: 0

Load_XMT_datareg: 0
Byte_ready: 1
T_Byte: 0

Load_XMT_datareg: 0
Byte_ready: 0
T_Byte: 1

Load_XMT_datareg: 0
Byte_ready: 0
T_Byte: 1

Sending 0
Load_XMT_datareg: 0
Byte_ready: 0
T_Byte: 1

Sending 0
Load_XMT_datareg: 0
Byte_ready: 0
T_Byte: 1

Sending 0
Load_XMT_datareg: 0
Byte_ready: 0
T_Byte: 1

Sending 0
Load_XMT_datareg: 0
Byte_ready: 0
T_Byte: 1

Sending 0
Load_XMT_datareg: 0
Byte_ready: 0
T_Byte: 1

Sending 1
Load_XMT_datareg: 0
Byte_ready: 0
T_Byte: 1

Sending 1
Load_XMT_datareg: 0
Byte_ready: 0
T_Byte: 1

Sending 0
Load_XMT_datareg: 0
Byte_ready: 0
T_Byte: 1

Sending 1

@123500 ps:: >>>>>>>>>>>> End Simulation

@123500 ps:: >>>>>>>>>>>> Start Simulation
SystemC: simulation stopped by user.
Program is about to exit.
#0  0x00000000005040c0 in summit_sc::Runtime::atExitCallback ()
(vista) 
